
Error detected while processing function <SNR>7_BMShow:
line   12:
E329: No menu "&Buffers"
Error detected while processing function <SNR>7_BMShow:
line   14:
E328: Menu only exists in another mode
  1: /Applications/MacVim.app/Contents/Resources/vim/vimrc
  2: ~/.vimrc
  3: /Applications/MacVim.app/Contents/Resources/vim/runtime/syntax/syntax.vim
  4: /Applications/MacVim.app/Contents/Resources/vim/runtime/syntax/synload.vim
  5: /Applications/MacVim.app/Contents/Resources/vim/runtime/syntax/syncolor.vim
  6: /Applications/MacVim.app/Contents/Resources/vim/runtime/filetype.vim
  7: /Applications/MacVim.app/Contents/Resources/vim/runtime/menu.vim
  8: /Applications/MacVim.app/Contents/Resources/vim/runtime/autoload/paste.vim
  9: ~/.vim/colors/molokai.vim
 10: ~/.vimrc.bundles
 11: /Applications/MacVim.app/Contents/Resources/vim/runtime/ftoff.vim
 12: ~/.vimpkg/bundle/vundle/autoload/vundle.vim
 13: ~/.vimpkg/bundle/vundle/autoload/vundle/config.vim
 14: ~/.vimpkg/bundle/potion/ftdetect/potion.vim
 15: ~/.vimpkg/bundle/typescript-vim/ftdetect/typescript.vim
 16: ~/.vimpkg/bundle/vim-jsx-typescript/ftdetect/typescript.vim
 17: ~/.vimpkg/bundle/tsuquyomi/ftdetect/typescript.vim
 18: ~/.vimpkg/bundle/vim-json/ftdetect/json.vim
 19: ~/.vimpkg/bundle/tern_for_vim/ftdetect/tern.vim
 20: ~/.vimpkg/bundle/vim-markdown/ftdetect/markdown.vim
 21: ~/.vimpkg/bundle/ultisnips/ftdetect/snippets.vim
 22: ~/.vimpkg/bundle/nginx.vim/ftdetect/nginx.vim
 23: /Applications/MacVim.app/Contents/Resources/vim/runtime/ftplugin.vim
 24: /Applications/MacVim.app/Contents/Resources/vim/runtime/indent.vim
 25: ~/.vimpkg/bundle/vim-google-translate/plugin/gt.vim
 26: ~/.vimpkg/bundle/vim-youdao-translater/plugin/ydt.vim
 27: ~/.vimpkg/bundle/vim-commentary/plugin/commentary.vim
 28: ~/.vimpkg/bundle/nerdtree/plugin/NERD_tree.vim
 29: ~/.vimpkg/bundle/nerdtree/autoload/nerdtree.vim
 30: ~/.vimpkg/bundle/nerdtree/lib/nerdtree/path.vim
 31: ~/.vimpkg/bundle/nerdtree/lib/nerdtree/menu_controller.vim
 32: ~/.vimpkg/bundle/nerdtree/lib/nerdtree/menu_item.vim
 33: ~/.vimpkg/bundle/nerdtree/lib/nerdtree/key_map.vim
 34: ~/.vimpkg/bundle/nerdtree/lib/nerdtree/bookmark.vim
 35: ~/.vimpkg/bundle/nerdtree/lib/nerdtree/tree_file_node.vim
 36: ~/.vimpkg/bundle/nerdtree/lib/nerdtree/tree_dir_node.vim
 37: ~/.vimpkg/bundle/nerdtree/lib/nerdtree/opener.vim
 38: ~/.vimpkg/bundle/nerdtree/lib/nerdtree/creator.vim
 39: ~/.vimpkg/bundle/nerdtree/lib/nerdtree/flag_set.vim
 40: ~/.vimpkg/bundle/nerdtree/lib/nerdtree/nerdtree.vim
 41: ~/.vimpkg/bundle/nerdtree/lib/nerdtree/ui.vim
 42: ~/.vimpkg/bundle/nerdtree/lib/nerdtree/event.vim
 43: ~/.vimpkg/bundle/nerdtree/lib/nerdtree/notifier.vim
 44: ~/.vimpkg/bundle/nerdtree/autoload/nerdtree/ui_glue.vim
 45: ~/.vimpkg/bundle/nerdtree/nerdtree_plugin/exec_menuitem.vim
 46: ~/.vimpkg/bundle/nerdtree/nerdtree_plugin/fs_menu.vim
 47: ~/.vimpkg/bundle/vim-nerdtree-tabs/nerdtree_plugin/vim-nerdtree-tabs.vim
 48: ~/.vimpkg/bundle/matchit/plugin/matchit.vim
 49: ~/.vimpkg/bundle/vim-surround/plugin/surround.vim
 50: ~/.vimpkg/bundle/auto-pairs/plugin/auto-pairs.vim
 51: ~/.vimpkg/bundle/ctrlp-funky/plugin/funky.vim
 52: ~/.vimpkg/bundle/SimpylFold/plugin/SimpylFold.vim
 53: ~/.vimpkg/bundle/ctrlp.vim/plugin/ctrlp.vim
 54: ~/.vimpkg/bundle/ctrlp.vim/autoload/ctrlp/mrufiles.vim
 55: ~/.vimpkg/bundle/ctrlsf.vim/plugin/ctrlsf.vim
 56: ~/.vimpkg/bundle/ctrlsf.vim/autoload/ctrlsf/backend.vim
 57: ~/.vimpkg/bundle/vim-textobj-lastpat/plugin/textobj/lastpat.vim
 58: ~/.vimpkg/bundle/vim-textobj-user/autoload/textobj/user.vim
  1: /Applications/MacVim.app/Contents/Resources/vim/vimrc
  2: ~/.vimrc
  3: /Applications/MacVim.app/Contents/Resources/vim/runtime/syntax/syntax.vim
  4: /Applications/MacVim.app/Contents/Resources/vim/runtime/syntax/synload.vim
  5: /Applications/MacVim.app/Contents/Resources/vim/runtime/syntax/syncolor.vim
  6: /Applications/MacVim.app/Contents/Resources/vim/runtime/filetype.vim
  7: /Applications/MacVim.app/Contents/Resources/vim/runtime/menu.vim
  8: /Applications/MacVim.app/Contents/Resources/vim/runtime/autoload/paste.vim
  9: ~/.vim/colors/molokai.vim
 10: ~/.vimrc.bundles
 11: /Applications/MacVim.app/Contents/Resources/vim/runtime/ftoff.vim
 12: ~/.vimpkg/bundle/vundle/autoload/vundle.vim
 13: ~/.vimpkg/bundle/vundle/autoload/vundle/config.vim
 14: ~/.vimpkg/bundle/potion/ftdetect/potion.vim
 15: ~/.vimpkg/bundle/typescript-vim/ftdetect/typescript.vim
 16: ~/.vimpkg/bundle/vim-jsx-typescript/ftdetect/typescript.vim
 17: ~/.vimpkg/bundle/tsuquyomi/ftdetect/typescript.vim
 18: ~/.vimpkg/bundle/vim-json/ftdetect/json.vim
 19: ~/.vimpkg/bundle/tern_for_vim/ftdetect/tern.vim
 20: ~/.vimpkg/bundle/vim-markdown/ftdetect/markdown.vim
 21: ~/.vimpkg/bundle/ultisnips/ftdetect/snippets.vim
 22: ~/.vimpkg/bundle/nginx.vim/ftdetect/nginx.vim
 23: /Applications/MacVim.app/Contents/Resources/vim/runtime/ftplugin.vim
 24: /Applications/MacVim.app/Contents/Resources/vim/runtime/indent.vim
 25: ~/.vimpkg/bundle/vim-google-translate/plugin/gt.vim
 26: ~/.vimpkg/bundle/vim-youdao-translater/plugin/ydt.vim
 27: ~/.vimpkg/bundle/vim-commentary/plugin/commentary.vim
 28: ~/.vimpkg/bundle/nerdtree/plugin/NERD_tree.vim
 29: ~/.vimpkg/bundle/nerdtree/autoload/nerdtree.vim
 30: ~/.vimpkg/bundle/nerdtree/lib/nerdtree/path.vim
 31: ~/.vimpkg/bundle/nerdtree/lib/nerdtree/menu_controller.vim
 32: ~/.vimpkg/bundle/nerdtree/lib/nerdtree/menu_item.vim
 33: ~/.vimpkg/bundle/nerdtree/lib/nerdtree/key_map.vim
 34: ~/.vimpkg/bundle/nerdtree/lib/nerdtree/bookmark.vim
 35: ~/.vimpkg/bundle/nerdtree/lib/nerdtree/tree_file_node.vim
 36: ~/.vimpkg/bundle/nerdtree/lib/nerdtree/tree_dir_node.vim
 37: ~/.vimpkg/bundle/nerdtree/lib/nerdtree/opener.vim
 38: ~/.vimpkg/bundle/nerdtree/lib/nerdtree/creator.vim
 39: ~/.vimpkg/bundle/nerdtree/lib/nerdtree/flag_set.vim
 40: ~/.vimpkg/bundle/nerdtree/lib/nerdtree/nerdtree.vim
 41: ~/.vimpkg/bundle/nerdtree/lib/nerdtree/ui.vim
 42: ~/.vimpkg/bundle/nerdtree/lib/nerdtree/event.vim
 43: ~/.vimpkg/bundle/nerdtree/lib/nerdtree/notifier.vim
 44: ~/.vimpkg/bundle/nerdtree/autoload/nerdtree/ui_glue.vim
 45: ~/.vimpkg/bundle/nerdtree/nerdtree_plugin/exec_menuitem.vim
 46: ~/.vimpkg/bundle/nerdtree/nerdtree_plugin/fs_menu.vim
 47: ~/.vimpkg/bundle/vim-nerdtree-tabs/nerdtree_plugin/vim-nerdtree-tabs.vim
 48: ~/.vimpkg/bundle/matchit/plugin/matchit.vim
 49: ~/.vimpkg/bundle/vim-surround/plugin/surround.vim
 50: ~/.vimpkg/bundle/auto-pairs/plugin/auto-pairs.vim
 51: ~/.vimpkg/bundle/ctrlp-funky/plugin/funky.vim
 52: ~/.vimpkg/bundle/SimpylFold/plugin/SimpylFold.vim
 53: ~/.vimpkg/bundle/ctrlp.vim/plugin/ctrlp.vim
 54: ~/.vimpkg/bundle/ctrlp.vim/autoload/ctrlp/mrufiles.vim
 55: ~/.vimpkg/bundle/ctrlsf.vim/plugin/ctrlsf.vim
 56: ~/.vimpkg/bundle/ctrlsf.vim/autoload/ctrlsf/backend.vim
 57: ~/.vimpkg/bundle/vim-textobj-lastpat/plugin/textobj/lastpat.vim
 58: ~/.vimpkg/bundle/vim-textobj-user/autoload/textobj/user.vim
Error detected while processing function <SNR>99_map_if_not_mapped:
line    3:
E227: mapping already exists for 	
Error detected while processing function <SNR>99_map_if_not_mapped:
line    3:
E227: mapping already exists for 	
Error detected while processing function <SNR>99_map_if_not_mapped:
line    3:
E227: mapping already exists for 	
NERDTree: No trees to mirror
Error detected while processing function <SNR>7_BMRemove:
line    9:
E329: No menu "NERD_tree_1 (2)	~/Documents/person/git/blog"
24 more lines
No matching autocommands

NERDTree Menu. Use j/k/enter and the shortcuts indicated
==========================================================
> (a)dd a childnode
  (m)ove the current node
  (d)elete the current node
  (r)eveal in Finder the current node
  (o)pen the current node with system editor
  (q)uicklook the current node
  (c)opy the current node
  (l)ist the current node
Add a childnode
==========================================================
Enter the dir/file name to be created. Dirs end with a '/'

NERDTree: Node Not Created.
/vim


NERDTree Menu. Use j/k/enter and the shortcuts indicated
==========================================================
> (a)dd a childnode
  (m)ove the current node
  (d)elete the current node
  (r)eveal in Finder the current node
  (o)pen the current node with system editor
  (q)uicklook the current node
  (c)opy the current node
  (l)ist the current node
/vim

/vim

search hit BOTTOM, continuing at TOP
search hit BOTTOM, continuing at TOP

29 fewer lines
25 more lines

NERDTree Menu. Use j/k/enter and the shortcuts indicated
==========================================================
> (a)dd a childnode
  (m)ove the current node
  (d)elete the current node
  (r)eveal in Finder the current node
  (o)pen the current node with system editor
  (q)uicklook the current node
  (c)opy the current node
  (l)ist the current node
Add a childnode
==========================================================
Enter the dir/file name to be created. Dirs end with a '/'

30 fewer lines
26 more lines

"插件学习.md" 
"插件学习.md" 0L, 0C
No matching autocommands
SignColumn     xxx term=standout ctermfg=11 ctermbg=8 guifg=#A6E22E guibg=#232526
--- Signs ---

No matching autocommands-- INSERT ---- INSERT --
No matching autocommands
-- INSERT --
No matching autocommands
No matching autocommands-- INSERT --
No matching autocommands
-- INSERT --
No matching autocommands
-- INSERT --
No matching autocommands
No matching autocommands

No matching autocommands
No matching autocommands
No matching autocommands-- INSERT --
-- INSERT --
-- VISUAL --
No matching autocommands-- INSERT --
No matching autocommands


"插件学习.md" 
"插件学习.md" 1L, 73C written
No matching autocommands
--- Signs ---
Signs for 插件学习.md:
    line=2  id=1000000  name=ALEDummySign

No matching autocommands
"插件学习.md" 1L, 73C written-- INSERT --
No matching autocommands
No matching autocommands
No matching autocommands
No matching autocommands
No matching autocommands-- INSERT --
No matching autocommands
-- INSERT --
-- INSERT ---- INSERT --
No matching autocommands


"插件学习.md" 
"插件学习.md" 2L, 142C written
No matching autocommands
--- Signs ---
Signs for 插件学习.md:
    line=2  id=1000000  name=ALEDummySign

No matching autocommands
"插件学习.md" 2L, 142C written-- INSERT --
No matching autocommands
No matching autocommands-- INSERT --
No matching autocommands
-- INSERT --
No matching autocommands-- INSERT --
No matching autocommands


"插件学习.md" 
"插件学习.md" 3L, 210C written
No matching autocommands
--- Signs ---
Signs for 插件学习.md:
    line=2  id=1000000  name=ALEDummySign

No matching autocommands
"插件学习.md" 3L, 210C written-- INSERT --
No matching autocommands
No matching autocommands
No matching autocommands-- Keyword completion (^N^P) -- Searching...
Scanning: NERD_tree_1-- Keyword completion (^N^P)
match in file NERD_tree_1
Scanning tags.
match in file NERD_tree_1-- Keyword completion (^N^P) The only match
No matching autocommands-- Keyword completion (^N^P) The only match-- INSERT --
-- INSERT --
No matching autocommands-- Keyword completion (^N^P) -- Searching...
Scanning: NERD_tree_1-- Keyword completion (^N^P)
match in file NERD_tree_1
Scanning tags.
match in file NERD_tree_1-- Keyword completion (^N^P) The only match
No matching autocommands-- Keyword completion (^N^P) The only match-- INSERT --
-- INSERT ---- ^X mode (^]^D^E^F^I^K^L^N^O^Ps^U^V^Y)-- Omni completion (^O^N^P) -- Searching...-- Omni completion (^O^N^P) Pattern not found
No matching autocommands-- INSERT ---- INSERT --

No matching autocommands

"插件学习.md" 
"插件学习.md" 3L, 210C written
No matching autocommands
--- Signs ---
Signs for 插件学习.md:
    line=2  id=1000000  name=ALEDummySign

No matching autocommands
"插件学习.md" 3L, 210C written-- INSERT --
No matching autocommands
No matching autocommands-- Keyword completion (^N^P) -- Searching...
Scanning: NERD_tree_1-- Keyword completion (^N^P)
match in file NERD_tree_1
Scanning tags.
match in file NERD_tree_1-- Keyword completion (^N^P) match 1 of 2-- Keyword completion (^N^P) match 1 of 2-- INSERT --

No matching autocommands
No matching autocommands-- INSERT --
No matching autocommands
No matching autocommands
No matching autocommands
No matching autocommands
No matching autocommands-- Keyword completion (^N^P) -- Searching...
Scanning: NERD_tree_1-- Keyword completion (^N^P)
match in file NERD_tree_1
Scanning tags.
match in file NERD_tree_1-- Keyword completion (^N^P) The only match
No matching autocommands-- Keyword completion (^N^P) The only match-- INSERT --

No matching autocommands-- INSERT --
No matching autocommands
No matching autocommands
No matching autocommands
No matching autocommands-- ^X mode (^]^D^E^F^I^K^L^N^O^Ps^U^V^Y)-- Omni completion (^O^N^P) -- Searching...-- Omni completion (^O^N^P) Pattern not found
No matching autocommands-- Omni completion (^O^N^P)-- Omni completion (^O^N^P)-- Omni completion (^O^N^P) Pattern not found
No matching autocommands-- Omni completion (^O^N^P)-- Omni completion (^O^N^P)-- Omni completion (^O^N^P) Pattern not found
No matching autocommands-- INSERT ---- INSERT --

No matching autocommands-- INSERT --
No matching autocommands
No matching autocommands
No matching autocommands-- ^X mode (^]^D^E^F^I^K^L^N^O^Ps^U^V^Y)-- INSERT ---- Keyword Local completion (^N^P) -- Searching...-- Keyword Local completion (^N^P) Pattern not found
No matching autocommands-- Keyword Local completion (^N^P)-- INSERT ---- ^X mode (^]^D^E^F^I^K^L^N^O^Ps^U^V^Y)-- Omni completion (^O^N^P) -- Searching...-- Omni completion (^O^N^P) Pattern not found
No matching autocommands-- INSERT ---- INSERT ---- ^X mode (^]^D^E^F^I^K^L^N^O^Ps^U^V^Y) Pattern not found-- INSERT ---- Keyword Local completion (^N^P) -- Searching...-- Keyword Local completion (^N^P) Pattern not found
No matching autocommands-- Keyword Local completion (^N^P) Pattern not found-- INSERT --

No matching autocommands-- INSERT --
No matching autocommands
No matching autocommands
No matching autocommands
No matching autocommands-- Keyword completion (^N^P) -- Searching...
Scanning: NERD_tree_1-- Keyword completion (^N^P)
match in file NERD_tree_1
Scanning tags.
match in file NERD_tree_1-- Keyword completion (^N^P) The only match
No matching autocommands-- Keyword completion (^N^P)-- Keyword completion (^N^P) Back at original
No matching autocommands-- Keyword completion (^N^P)
match in file NERD_tree_1-- Keyword completion (^N^P) The only match
No matching autocommands-- Keyword completion (^N^P)-- Keyword completion (^N^P) Back at original
No matching autocommands-- Keyword completion (^N^P)
match in file NERD_tree_1-- Keyword completion (^N^P) The only match
No matching autocommands-- Keyword completion (^N^P)-- Keyword completion (^N^P) Back at original
No matching autocommands-- Keyword completion (^N^P)
match in file NERD_tree_1-- Keyword completion (^N^P) The only match
No matching autocommands-- Keyword completion (^N^P)-- Keyword completion (^N^P) Back at original
No matching autocommands-- Keyword completion (^N^P)
match in file NERD_tree_1-- Keyword completion (^N^P) The only match
No matching autocommands-- Keyword completion (^N^P)-- Keyword completion (^N^P) Back at original
No matching autocommands-- Keyword completion (^N^P) Back at original-- INSERT --


"插件学习.md" 
"插件学习.md" 4L, 215C written
No matching autocommands
--- Signs ---
Signs for 插件学习.md:
    line=2  id=1000000  name=ALEDummySign

No matching autocommands
"插件学习.md" 4L, 215C written
No matching autocommands

"插件学习.md" 
"插件学习.md" 3L, 210C written
No matching autocommands
--- Signs ---
Signs for 插件学习.md:
    line=2  id=1000000  name=ALEDummySign

No matching autocommands
"插件学习.md" 3L, 210C written

Error detected while processing function <SNR>7_BMShow:
line   12:
E329: No menu "&Buffers"
Error detected while processing function <SNR>7_BMShow:
line   14:
E328: Menu only exists in another mode
  1: /Applications/MacVim.app/Contents/Resources/vim/vimrc
  2: ~/.vimrc
  3: /Applications/MacVim.app/Contents/Resources/vim/runtime/syntax/syntax.vim
  4: /Applications/MacVim.app/Contents/Resources/vim/runtime/syntax/synload.vim
  5: /Applications/MacVim.app/Contents/Resources/vim/runtime/syntax/syncolor.vim
  6: /Applications/MacVim.app/Contents/Resources/vim/runtime/filetype.vim
  7: /Applications/MacVim.app/Contents/Resources/vim/runtime/menu.vim
  8: /Applications/MacVim.app/Contents/Resources/vim/runtime/autoload/paste.vim
  9: ~/.vim/colors/molokai.vim
 10: ~/.vimrc.bundles
 11: /Applications/MacVim.app/Contents/Resources/vim/runtime/ftoff.vim
 12: ~/.vimpkg/bundle/vundle/autoload/vundle.vim
 13: ~/.vimpkg/bundle/vundle/autoload/vundle/config.vim
 14: ~/.vimpkg/bundle/potion/ftdetect/potion.vim
 15: ~/.vimpkg/bundle/typescript-vim/ftdetect/typescript.vim
 16: ~/.vimpkg/bundle/vim-jsx-typescript/ftdetect/typescript.vim
 17: ~/.vimpkg/bundle/tsuquyomi/ftdetect/typescript.vim
 18: ~/.vimpkg/bundle/vim-json/ftdetect/json.vim
 19: ~/.vimpkg/bundle/tern_for_vim/ftdetect/tern.vim
 20: ~/.vimpkg/bundle/vim-markdown/ftdetect/markdown.vim
 21: ~/.vimpkg/bundle/ultisnips/ftdetect/snippets.vim
 22: ~/.vimpkg/bundle/nginx.vim/ftdetect/nginx.vim
 23: /Applications/MacVim.app/Contents/Resources/vim/runtime/ftplugin.vim
 24: /Applications/MacVim.app/Contents/Resources/vim/runtime/indent.vim
 25: ~/.vimpkg/bundle/vim-google-translate/plugin/gt.vim
 26: ~/.vimpkg/bundle/vim-youdao-translater/plugin/ydt.vim
 27: ~/.vimpkg/bundle/vim-commentary/plugin/commentary.vim
 28: ~/.vimpkg/bundle/nerdtree/plugin/NERD_tree.vim
 29: ~/.vimpkg/bundle/nerdtree/autoload/nerdtree.vim
 30: ~/.vimpkg/bundle/nerdtree/lib/nerdtree/path.vim
 31: ~/.vimpkg/bundle/nerdtree/lib/nerdtree/menu_controller.vim
 32: ~/.vimpkg/bundle/nerdtree/lib/nerdtree/menu_item.vim
 33: ~/.vimpkg/bundle/nerdtree/lib/nerdtree/key_map.vim
 34: ~/.vimpkg/bundle/nerdtree/lib/nerdtree/bookmark.vim
 35: ~/.vimpkg/bundle/nerdtree/lib/nerdtree/tree_file_node.vim
 36: ~/.vimpkg/bundle/nerdtree/lib/nerdtree/tree_dir_node.vim
 37: ~/.vimpkg/bundle/nerdtree/lib/nerdtree/opener.vim
 38: ~/.vimpkg/bundle/nerdtree/lib/nerdtree/creator.vim
 39: ~/.vimpkg/bundle/nerdtree/lib/nerdtree/flag_set.vim
 40: ~/.vimpkg/bundle/nerdtree/lib/nerdtree/nerdtree.vim
 41: ~/.vimpkg/bundle/nerdtree/lib/nerdtree/ui.vim
 42: ~/.vimpkg/bundle/nerdtree/lib/nerdtree/event.vim
 43: ~/.vimpkg/bundle/nerdtree/lib/nerdtree/notifier.vim
 44: ~/.vimpkg/bundle/nerdtree/autoload/nerdtree/ui_glue.vim
 45: ~/.vimpkg/bundle/nerdtree/nerdtree_plugin/exec_menuitem.vim
 46: ~/.vimpkg/bundle/nerdtree/nerdtree_plugin/fs_menu.vim
 47: ~/.vimpkg/bundle/vim-nerdtree-tabs/nerdtree_plugin/vim-nerdtree-tabs.vim
 48: ~/.vimpkg/bundle/matchit/plugin/matchit.vim
 49: ~/.vimpkg/bundle/vim-surround/plugin/surround.vim
 50: ~/.vimpkg/bundle/auto-pairs/plugin/auto-pairs.vim
 51: ~/.vimpkg/bundle/ctrlp-funky/plugin/funky.vim
 52: ~/.vimpkg/bundle/SimpylFold/plugin/SimpylFold.vim
 53: ~/.vimpkg/bundle/ctrlp.vim/plugin/ctrlp.vim
 54: ~/.vimpkg/bundle/ctrlp.vim/autoload/ctrlp/mrufiles.vim
 55: ~/.vimpkg/bundle/ctrlsf.vim/plugin/ctrlsf.vim
 56: ~/.vimpkg/bundle/ctrlsf.vim/autoload/ctrlsf/backend.vim
 57: ~/.vimpkg/bundle/vim-textobj-lastpat/plugin/textobj/lastpat.vim
 58: ~/.vimpkg/bundle/vim-textobj-user/autoload/textobj/user.vim
  1: /Applications/MacVim.app/Contents/Resources/vim/vimrc
  2: ~/.vimrc
  3: /Applications/MacVim.app/Contents/Resources/vim/runtime/syntax/syntax.vim
  4: /Applications/MacVim.app/Contents/Resources/vim/runtime/syntax/synload.vim
  5: /Applications/MacVim.app/Contents/Resources/vim/runtime/syntax/syncolor.vim
  6: /Applications/MacVim.app/Contents/Resources/vim/runtime/filetype.vim
  7: /Applications/MacVim.app/Contents/Resources/vim/runtime/menu.vim
  8: /Applications/MacVim.app/Contents/Resources/vim/runtime/autoload/paste.vim
  9: ~/.vim/colors/molokai.vim
 10: ~/.vimrc.bundles
 11: /Applications/MacVim.app/Contents/Resources/vim/runtime/ftoff.vim
 12: ~/.vimpkg/bundle/vundle/autoload/vundle.vim
 13: ~/.vimpkg/bundle/vundle/autoload/vundle/config.vim
 14: ~/.vimpkg/bundle/potion/ftdetect/potion.vim
 15: ~/.vimpkg/bundle/typescript-vim/ftdetect/typescript.vim
 16: ~/.vimpkg/bundle/vim-jsx-typescript/ftdetect/typescript.vim
 17: ~/.vimpkg/bundle/tsuquyomi/ftdetect/typescript.vim
 18: ~/.vimpkg/bundle/vim-json/ftdetect/json.vim
 19: ~/.vimpkg/bundle/tern_for_vim/ftdetect/tern.vim
 20: ~/.vimpkg/bundle/vim-markdown/ftdetect/markdown.vim
 21: ~/.vimpkg/bundle/ultisnips/ftdetect/snippets.vim
 22: ~/.vimpkg/bundle/nginx.vim/ftdetect/nginx.vim
 23: /Applications/MacVim.app/Contents/Resources/vim/runtime/ftplugin.vim
 24: /Applications/MacVim.app/Contents/Resources/vim/runtime/indent.vim
 25: ~/.vimpkg/bundle/vim-google-translate/plugin/gt.vim
 26: ~/.vimpkg/bundle/vim-youdao-translater/plugin/ydt.vim
 27: ~/.vimpkg/bundle/vim-commentary/plugin/commentary.vim
 28: ~/.vimpkg/bundle/nerdtree/plugin/NERD_tree.vim
 29: ~/.vimpkg/bundle/nerdtree/autoload/nerdtree.vim
 30: ~/.vimpkg/bundle/nerdtree/lib/nerdtree/path.vim
 31: ~/.vimpkg/bundle/nerdtree/lib/nerdtree/menu_controller.vim
 32: ~/.vimpkg/bundle/nerdtree/lib/nerdtree/menu_item.vim
 33: ~/.vimpkg/bundle/nerdtree/lib/nerdtree/key_map.vim
 34: ~/.vimpkg/bundle/nerdtree/lib/nerdtree/bookmark.vim
 35: ~/.vimpkg/bundle/nerdtree/lib/nerdtree/tree_file_node.vim
 36: ~/.vimpkg/bundle/nerdtree/lib/nerdtree/tree_dir_node.vim
 37: ~/.vimpkg/bundle/nerdtree/lib/nerdtree/opener.vim
 38: ~/.vimpkg/bundle/nerdtree/lib/nerdtree/creator.vim
 39: ~/.vimpkg/bundle/nerdtree/lib/nerdtree/flag_set.vim
 40: ~/.vimpkg/bundle/nerdtree/lib/nerdtree/nerdtree.vim
 41: ~/.vimpkg/bundle/nerdtree/lib/nerdtree/ui.vim
 42: ~/.vimpkg/bundle/nerdtree/lib/nerdtree/event.vim
 43: ~/.vimpkg/bundle/nerdtree/lib/nerdtree/notifier.vim
 44: ~/.vimpkg/bundle/nerdtree/autoload/nerdtree/ui_glue.vim
 45: ~/.vimpkg/bundle/nerdtree/nerdtree_plugin/exec_menuitem.vim
 46: ~/.vimpkg/bundle/nerdtree/nerdtree_plugin/fs_menu.vim
 47: ~/.vimpkg/bundle/vim-nerdtree-tabs/nerdtree_plugin/vim-nerdtree-tabs.vim
 48: ~/.vimpkg/bundle/matchit/plugin/matchit.vim
 49: ~/.vimpkg/bundle/vim-surround/plugin/surround.vim
 50: ~/.vimpkg/bundle/auto-pairs/plugin/auto-pairs.vim
 51: ~/.vimpkg/bundle/ctrlp-funky/plugin/funky.vim
 52: ~/.vimpkg/bundle/SimpylFold/plugin/SimpylFold.vim
 53: ~/.vimpkg/bundle/ctrlp.vim/plugin/ctrlp.vim
 54: ~/.vimpkg/bundle/ctrlp.vim/autoload/ctrlp/mrufiles.vim
 55: ~/.vimpkg/bundle/ctrlsf.vim/plugin/ctrlsf.vim
 56: ~/.vimpkg/bundle/ctrlsf.vim/autoload/ctrlsf/backend.vim
 57: ~/.vimpkg/bundle/vim-textobj-lastpat/plugin/textobj/lastpat.vim
 58: ~/.vimpkg/bundle/vim-textobj-user/autoload/textobj/user.vim
Error detected while processing function <SNR>99_map_if_not_mapped:
line    3:
E227: mapping already exists for 	
Error detected while processing function <SNR>99_map_if_not_mapped:
line    3:
E227: mapping already exists for 	
Error detected while processing function <SNR>99_map_if_not_mapped:
line    3:
E227: mapping already exists for 	
NERDTree: No trees to mirror
Error detected while processing function <SNR>7_BMRemove:
line    9:
E329: No menu "NERD_tree_1 (2)	~/Documents/person/git/blog"
24 more lines
No matching autocommands

29 fewer lines
28 more lines

33 fewer lines
30 more lines

"二维码小知识.md" 
"二维码小知识.md" 73L, 7522C
No matching autocommands
SignColumn     xxx term=standout ctermfg=11 ctermbg=8 guifg=#A6E22E guibg=#232526
--- Signs ---

No matching autocommands-- VISUAL LINE --
73 lines yanked
Error detected while processing function <SNR>7_BMShow:
line   12:
E329: No menu "&Buffers"
Error detected while processing function <SNR>7_BMShow:
line   14:
E328: Menu only exists in another mode
  1: /Applications/MacVim.app/Contents/Resources/vim/vimrc
  2: ~/.vimrc
  3: /Applications/MacVim.app/Contents/Resources/vim/runtime/syntax/syntax.vim
  4: /Applications/MacVim.app/Contents/Resources/vim/runtime/syntax/synload.vim
  5: /Applications/MacVim.app/Contents/Resources/vim/runtime/syntax/syncolor.vim
  6: /Applications/MacVim.app/Contents/Resources/vim/runtime/filetype.vim
  7: /Applications/MacVim.app/Contents/Resources/vim/runtime/menu.vim
  8: /Applications/MacVim.app/Contents/Resources/vim/runtime/autoload/paste.vim
  9: ~/.vim/colors/molokai.vim
 10: ~/.vimrc.bundles
 11: /Applications/MacVim.app/Contents/Resources/vim/runtime/ftoff.vim
 12: ~/.vimpkg/bundle/vundle/autoload/vundle.vim
 13: ~/.vimpkg/bundle/vundle/autoload/vundle/config.vim
 14: ~/.vimpkg/bundle/potion/ftdetect/potion.vim
 15: ~/.vimpkg/bundle/typescript-vim/ftdetect/typescript.vim
 16: ~/.vimpkg/bundle/vim-jsx-typescript/ftdetect/typescript.vim
 17: ~/.vimpkg/bundle/tsuquyomi/ftdetect/typescript.vim
 18: ~/.vimpkg/bundle/vim-json/ftdetect/json.vim
 19: ~/.vimpkg/bundle/tern_for_vim/ftdetect/tern.vim
 20: ~/.vimpkg/bundle/vim-markdown/ftdetect/markdown.vim
 21: ~/.vimpkg/bundle/ultisnips/ftdetect/snippets.vim
 22: ~/.vimpkg/bundle/nginx.vim/ftdetect/nginx.vim
 23: /Applications/MacVim.app/Contents/Resources/vim/runtime/ftplugin.vim
 24: /Applications/MacVim.app/Contents/Resources/vim/runtime/indent.vim
 25: ~/.vimpkg/bundle/vim-google-translate/plugin/gt.vim
 26: ~/.vimpkg/bundle/vim-youdao-translater/plugin/ydt.vim
 27: ~/.vimpkg/bundle/vim-commentary/plugin/commentary.vim
 28: ~/.vimpkg/bundle/nerdtree/plugin/NERD_tree.vim
 29: ~/.vimpkg/bundle/nerdtree/autoload/nerdtree.vim
 30: ~/.vimpkg/bundle/nerdtree/lib/nerdtree/path.vim
 31: ~/.vimpkg/bundle/nerdtree/lib/nerdtree/menu_controller.vim
 32: ~/.vimpkg/bundle/nerdtree/lib/nerdtree/menu_item.vim
 33: ~/.vimpkg/bundle/nerdtree/lib/nerdtree/key_map.vim
 34: ~/.vimpkg/bundle/nerdtree/lib/nerdtree/bookmark.vim
 35: ~/.vimpkg/bundle/nerdtree/lib/nerdtree/tree_file_node.vim
 36: ~/.vimpkg/bundle/nerdtree/lib/nerdtree/tree_dir_node.vim
 37: ~/.vimpkg/bundle/nerdtree/lib/nerdtree/opener.vim
 38: ~/.vimpkg/bundle/nerdtree/lib/nerdtree/creator.vim
 39: ~/.vimpkg/bundle/nerdtree/lib/nerdtree/flag_set.vim
 40: ~/.vimpkg/bundle/nerdtree/lib/nerdtree/nerdtree.vim
 41: ~/.vimpkg/bundle/nerdtree/lib/nerdtree/ui.vim
 42: ~/.vimpkg/bundle/nerdtree/lib/nerdtree/event.vim
 43: ~/.vimpkg/bundle/nerdtree/lib/nerdtree/notifier.vim
 44: ~/.vimpkg/bundle/nerdtree/autoload/nerdtree/ui_glue.vim
 45: ~/.vimpkg/bundle/nerdtree/nerdtree_plugin/exec_menuitem.vim
 46: ~/.vimpkg/bundle/nerdtree/nerdtree_plugin/fs_menu.vim
 47: ~/.vimpkg/bundle/vim-nerdtree-tabs/nerdtree_plugin/vim-nerdtree-tabs.vim
 48: ~/.vimpkg/bundle/matchit/plugin/matchit.vim
 49: ~/.vimpkg/bundle/vim-surround/plugin/surround.vim
 50: ~/.vimpkg/bundle/auto-pairs/plugin/auto-pairs.vim
 51: ~/.vimpkg/bundle/ctrlp-funky/plugin/funky.vim
 52: ~/.vimpkg/bundle/SimpylFold/plugin/SimpylFold.vim
 53: ~/.vimpkg/bundle/ctrlp.vim/plugin/ctrlp.vim
 54: ~/.vimpkg/bundle/ctrlp.vim/autoload/ctrlp/mrufiles.vim
 55: ~/.vimpkg/bundle/ctrlsf.vim/plugin/ctrlsf.vim
 56: ~/.vimpkg/bundle/ctrlsf.vim/autoload/ctrlsf/backend.vim
 57: ~/.vimpkg/bundle/vim-textobj-lastpat/plugin/textobj/lastpat.vim
 58: ~/.vimpkg/bundle/vim-textobj-user/autoload/textobj/user.vim
  1: /Applications/MacVim.app/Contents/Resources/vim/vimrc
  2: ~/.vimrc
  3: /Applications/MacVim.app/Contents/Resources/vim/runtime/syntax/syntax.vim
  4: /Applications/MacVim.app/Contents/Resources/vim/runtime/syntax/synload.vim
  5: /Applications/MacVim.app/Contents/Resources/vim/runtime/syntax/syncolor.vim
  6: /Applications/MacVim.app/Contents/Resources/vim/runtime/filetype.vim
  7: /Applications/MacVim.app/Contents/Resources/vim/runtime/menu.vim
  8: /Applications/MacVim.app/Contents/Resources/vim/runtime/autoload/paste.vim
  9: ~/.vim/colors/molokai.vim
 10: ~/.vimrc.bundles
 11: /Applications/MacVim.app/Contents/Resources/vim/runtime/ftoff.vim
 12: ~/.vimpkg/bundle/vundle/autoload/vundle.vim
 13: ~/.vimpkg/bundle/vundle/autoload/vundle/config.vim
 14: ~/.vimpkg/bundle/potion/ftdetect/potion.vim
 15: ~/.vimpkg/bundle/typescript-vim/ftdetect/typescript.vim
 16: ~/.vimpkg/bundle/vim-jsx-typescript/ftdetect/typescript.vim
 17: ~/.vimpkg/bundle/tsuquyomi/ftdetect/typescript.vim
 18: ~/.vimpkg/bundle/vim-json/ftdetect/json.vim
 19: ~/.vimpkg/bundle/tern_for_vim/ftdetect/tern.vim
 20: ~/.vimpkg/bundle/vim-markdown/ftdetect/markdown.vim
 21: ~/.vimpkg/bundle/ultisnips/ftdetect/snippets.vim
 22: ~/.vimpkg/bundle/nginx.vim/ftdetect/nginx.vim
 23: /Applications/MacVim.app/Contents/Resources/vim/runtime/ftplugin.vim
 24: /Applications/MacVim.app/Contents/Resources/vim/runtime/indent.vim
 25: ~/.vimpkg/bundle/vim-google-translate/plugin/gt.vim
 26: ~/.vimpkg/bundle/vim-youdao-translater/plugin/ydt.vim
 27: ~/.vimpkg/bundle/vim-commentary/plugin/commentary.vim
 28: ~/.vimpkg/bundle/nerdtree/plugin/NERD_tree.vim
 29: ~/.vimpkg/bundle/nerdtree/autoload/nerdtree.vim
 30: ~/.vimpkg/bundle/nerdtree/lib/nerdtree/path.vim
 31: ~/.vimpkg/bundle/nerdtree/lib/nerdtree/menu_controller.vim
 32: ~/.vimpkg/bundle/nerdtree/lib/nerdtree/menu_item.vim
 33: ~/.vimpkg/bundle/nerdtree/lib/nerdtree/key_map.vim
 34: ~/.vimpkg/bundle/nerdtree/lib/nerdtree/bookmark.vim
 35: ~/.vimpkg/bundle/nerdtree/lib/nerdtree/tree_file_node.vim
 36: ~/.vimpkg/bundle/nerdtree/lib/nerdtree/tree_dir_node.vim
 37: ~/.vimpkg/bundle/nerdtree/lib/nerdtree/opener.vim
 38: ~/.vimpkg/bundle/nerdtree/lib/nerdtree/creator.vim
 39: ~/.vimpkg/bundle/nerdtree/lib/nerdtree/flag_set.vim
 40: ~/.vimpkg/bundle/nerdtree/lib/nerdtree/nerdtree.vim
 41: ~/.vimpkg/bundle/nerdtree/lib/nerdtree/ui.vim
 42: ~/.vimpkg/bundle/nerdtree/lib/nerdtree/event.vim
 43: ~/.vimpkg/bundle/nerdtree/lib/nerdtree/notifier.vim
 44: ~/.vimpkg/bundle/nerdtree/autoload/nerdtree/ui_glue.vim
 45: ~/.vimpkg/bundle/nerdtree/nerdtree_plugin/exec_menuitem.vim
 46: ~/.vimpkg/bundle/nerdtree/nerdtree_plugin/fs_menu.vim
 47: ~/.vimpkg/bundle/vim-nerdtree-tabs/nerdtree_plugin/vim-nerdtree-tabs.vim
 48: ~/.vimpkg/bundle/matchit/plugin/matchit.vim
 49: ~/.vimpkg/bundle/vim-surround/plugin/surround.vim
 50: ~/.vimpkg/bundle/auto-pairs/plugin/auto-pairs.vim
 51: ~/.vimpkg/bundle/ctrlp-funky/plugin/funky.vim
 52: ~/.vimpkg/bundle/SimpylFold/plugin/SimpylFold.vim
 53: ~/.vimpkg/bundle/ctrlp.vim/plugin/ctrlp.vim
 54: ~/.vimpkg/bundle/ctrlp.vim/autoload/ctrlp/mrufiles.vim
 55: ~/.vimpkg/bundle/ctrlsf.vim/plugin/ctrlsf.vim
 56: ~/.vimpkg/bundle/ctrlsf.vim/autoload/ctrlsf/backend.vim
 57: ~/.vimpkg/bundle/vim-textobj-lastpat/plugin/textobj/lastpat.vim
 58: ~/.vimpkg/bundle/vim-textobj-user/autoload/textobj/user.vim
Error detected while processing function <SNR>99_map_if_not_mapped:
line    3:
E227: mapping already exists for 	
Error detected while processing function <SNR>99_map_if_not_mapped:
line    3:
E227: mapping already exists for 	
Error detected while processing function <SNR>99_map_if_not_mapped:
line    3:
E227: mapping already exists for 	
NERDTree: No trees to mirror
Error detected while processing function <SNR>7_BMRemove:
line    9:
E329: No menu "NERD_tree_1 (2)	~/Documents/person/git/blog"
24 more lines
No matching autocommands

29 fewer lines
25 more lines

"tab进程.md" 
"tab进程.md" 22L, 2727C
No matching autocommands
SignColumn     xxx term=standout ctermfg=11 ctermbg=8 guifg=#A6E22E guibg=#232526
--- Signs ---

No matching autocommands

30 fewer lines
26 more lines

"docker入门.md" 
"docker入门.md" 2L, 93C
No matching autocommands
--- Signs ---

No matching autocommands

31 fewer lines
27 more lines

32 fewer lines
26 more lines

31 fewer lines
28 more lines

33 fewer lines
26 more lines

31 fewer lines
27 more lines

32 fewer lines
26 more lines

31 fewer lines
27 more lines

32 fewer lines
26 more lines

31 fewer lines
29 more lines

34 fewer lines
30 more lines

35 fewer lines
29 more lines

34 fewer lines
26 more lines

31 fewer lines
27 more lines

32 fewer lines
26 more lines

31 fewer lines
27 more lines

32 fewer lines
26 more lines

31 fewer lines
28 more lines

33 fewer lines
26 more lines

31 fewer lines
30 more lines

35 fewer lines
33 more lines

38 fewer lines
30 more lines

35 fewer lines
31 more lines

36 fewer lines
30 more lines

35 fewer lines
36 more lines

41 fewer lines
30 more lines

35 fewer lines
31 more lines

36 fewer lines
30 more lines

35 fewer lines
39 more lines

44 fewer lines
30 more lines